0 info it worked if it ends with ok
1 verbose cli [ 'C:\\Program Files (x86)\\nodejs\\node.exe',
1 verbose cli   'C:\\Program Files (x86)\\nodejs\\node_modules\\npm\\bin\\npm-cli.js',
1 verbose cli   'install',
1 verbose cli   'broadcastnodejs-test',
1 verbose cli   '--save' ]
2 info using npm@3.10.10
3 info using node@v6.10.3
4 silly loadCurrentTree Starting
5 silly install loadCurrentTree
6 silly install readLocalPackageData
7 silly fetchPackageMetaData broadcastnodejs-test
8 silly fetchNamedPackageData broadcastnodejs-test
9 silly mapToRegistry name broadcastnodejs-test
10 silly mapToRegistry using default registry
11 silly mapToRegistry registry https://registry.npmjs.org/
12 silly mapToRegistry data Result {
12 silly mapToRegistry   raw: 'broadcastnodejs-test',
12 silly mapToRegistry   scope: null,
12 silly mapToRegistry   escapedName: 'broadcastnodejs-test',
12 silly mapToRegistry   name: 'broadcastnodejs-test',
12 silly mapToRegistry   rawSpec: '',
12 silly mapToRegistry   spec: 'latest',
12 silly mapToRegistry   type: 'tag' }
13 silly mapToRegistry uri https://registry.npmjs.org/broadcastnodejs-test
14 verbose request uri https://registry.npmjs.org/broadcastnodejs-test
15 verbose request no auth needed
16 info attempt registry request try #1 at 11:53:32
17 verbose request using bearer token for auth
18 verbose request id 2619615a6438dc24
19 http request GET https://registry.npmjs.org/broadcastnodejs-test
20 http 404 https://registry.npmjs.org/broadcastnodejs-test
21 verbose headers { date: 'Mon, 13 Aug 2018 03:45:28 GMT',
21 verbose headers   'content-type': 'application/json',
21 verbose headers   'content-length': '21',
21 verbose headers   connection: 'keep-alive',
21 verbose headers   'set-cookie': [ '__cfduid=d3b4768dc8c6493c41bcc10ece97f41e71534131928; expires=Tue, 13-Aug-19 03:45:28 GMT; path=/; domain=.registry.npmjs.org; HttpOnly' ],
21 verbose headers   'cache-control': 'max-age=300',
21 verbose headers   'cf-cache-status': 'MISS',
21 verbose headers   'cf-ray': '44983066beb5992b-LAX',
21 verbose headers   'expect-ct': 'max-age=604800, report-uri="https://report-uri.cloudflare.com/cdn-cgi/beacon/expect-ct"',
21 verbose headers   vary: 'accept-encoding, accept',
21 verbose headers   server: 'cloudflare' }
22 silly get cb [ 404,
22 silly get   { date: 'Mon, 13 Aug 2018 03:45:28 GMT',
22 silly get     'content-type': 'application/json',
22 silly get     'content-length': '21',
22 silly get     connection: 'keep-alive',
22 silly get     'set-cookie': [ '__cfduid=d3b4768dc8c6493c41bcc10ece97f41e71534131928; expires=Tue, 13-Aug-19 03:45:28 GMT; path=/; domain=.registry.npmjs.org; HttpOnly' ],
22 silly get     'cache-control': 'max-age=300',
22 silly get     'cf-cache-status': 'MISS',
22 silly get     'cf-ray': '44983066beb5992b-LAX',
22 silly get     'expect-ct': 'max-age=604800, report-uri="https://report-uri.cloudflare.com/cdn-cgi/beacon/expect-ct"',
22 silly get     vary: 'accept-encoding, accept',
22 silly get     server: 'cloudflare' } ]
23 silly fetchPackageMetaData Error: Not found : broadcastnodejs-test
23 silly fetchPackageMetaData     at makeError (C:\Program Files (x86)\nodejs\node_modules\npm\node_modules\npm-registry-client\lib\request.js:302:12)
23 silly fetchPackageMetaData     at CachingRegistryClient.<anonymous> (C:\Program Files (x86)\nodejs\node_modules\npm\node_modules\npm-registry-client\lib\request.js:290:14)
23 silly fetchPackageMetaData     at Request._callback (C:\Program Files (x86)\nodejs\node_modules\npm\node_modules\npm-registry-client\lib\request.js:210:14)
23 silly fetchPackageMetaData     at Request.self.callback (C:\Program Files (x86)\nodejs\node_modules\npm\node_modules\request\request.js:187:22)
23 silly fetchPackageMetaData     at emitTwo (events.js:106:13)
23 silly fetchPackageMetaData     at Request.emit (events.js:191:7)
23 silly fetchPackageMetaData     at Request.<anonymous> (C:\Program Files (x86)\nodejs\node_modules\npm\node_modules\request\request.js:1048:10)
23 silly fetchPackageMetaData     at emitOne (events.js:96:13)
23 silly fetchPackageMetaData     at Request.emit (events.js:188:7)
23 silly fetchPackageMetaData     at IncomingMessage.<anonymous> (C:\Program Files (x86)\nodejs\node_modules\npm\node_modules\request\request.js:969:12)
23 silly fetchPackageMetaData  error for broadcastnodejs-test { Error: Not found : broadcastnodejs-test
23 silly fetchPackageMetaData     at makeError (C:\Program Files (x86)\nodejs\node_modules\npm\node_modules\npm-registry-client\lib\request.js:302:12)
23 silly fetchPackageMetaData     at CachingRegistryClient.<anonymous> (C:\Program Files (x86)\nodejs\node_modules\npm\node_modules\npm-registry-client\lib\request.js:290:14)
23 silly fetchPackageMetaData     at Request._callback (C:\Program Files (x86)\nodejs\node_modules\npm\node_modules\npm-registry-client\lib\request.js:210:14)
23 silly fetchPackageMetaData     at Request.self.callback (C:\Program Files (x86)\nodejs\node_modules\npm\node_modules\request\request.js:187:22)
23 silly fetchPackageMetaData     at emitTwo (events.js:106:13)
23 silly fetchPackageMetaData     at Request.emit (events.js:191:7)
23 silly fetchPackageMetaData     at Request.<anonymous> (C:\Program Files (x86)\nodejs\node_modules\npm\node_modules\request\request.js:1048:10)
23 silly fetchPackageMetaData     at emitOne (events.js:96:13)
23 silly fetchPackageMetaData     at Request.emit (events.js:188:7)
23 silly fetchPackageMetaData     at IncomingMessage.<anonymous> (C:\Program Files (x86)\nodejs\node_modules\npm\node_modules\request\request.js:969:12) pkgid: 'broadcastnodejs-test', statusCode: 404, code: 'E404' }
24 silly rollbackFailedOptional Starting
25 silly rollbackFailedOptional Finishing
26 silly runTopLevelLifecycles Finishing
27 silly install printInstalled
28 verbose stack Error: Not found : broadcastnodejs-test
28 verbose stack     at makeError (C:\Program Files (x86)\nodejs\node_modules\npm\node_modules\npm-registry-client\lib\request.js:302:12)
28 verbose stack     at CachingRegistryClient.<anonymous> (C:\Program Files (x86)\nodejs\node_modules\npm\node_modules\npm-registry-client\lib\request.js:290:14)
28 verbose stack     at Request._callback (C:\Program Files (x86)\nodejs\node_modules\npm\node_modules\npm-registry-client\lib\request.js:210:14)
28 verbose stack     at Request.self.callback (C:\Program Files (x86)\nodejs\node_modules\npm\node_modules\request\request.js:187:22)
28 verbose stack     at emitTwo (events.js:106:13)
28 verbose stack     at Request.emit (events.js:191:7)
28 verbose stack     at Request.<anonymous> (C:\Program Files (x86)\nodejs\node_modules\npm\node_modules\request\request.js:1048:10)
28 verbose stack     at emitOne (events.js:96:13)
28 verbose stack     at Request.emit (events.js:188:7)
28 verbose stack     at IncomingMessage.<anonymous> (C:\Program Files (x86)\nodejs\node_modules\npm\node_modules\request\request.js:969:12)
29 verbose statusCode 404
30 verbose pkgid broadcastnodejs-test
31 verbose cwd D:\bizWorkspace\broadcastDockerfile\resource\broadCastNodeJS
32 error Windows_NT 6.1.7601
33 error argv "C:\\Program Files (x86)\\nodejs\\node.exe" "C:\\Program Files (x86)\\nodejs\\node_modules\\npm\\bin\\npm-cli.js" "install" "broadcastnodejs-test" "--save"
34 error node v6.10.3
35 error npm  v3.10.10
36 error code E404
37 error 404 Not found : broadcastnodejs-test
38 error 404
39 error 404 'broadcastnodejs-test' is not in the npm registry.
40 error 404 You should bug the author to publish it (or use the name yourself!)
41 error 404 Note that you can also install from a
42 error 404 tarball, folder, http url, or git url.
43 verbose exit [ 1, true ]
